realtime Connecting exchange socket
realtime Connecting exchange socket
realtime_public Connecting exchange socket
realtime_private Connecting exchange socket
realtime_public Connecting exchange socket
realtime_private Connecting exchange socket
=================================
======= ENV: production =======
🚀 App listening on the port 3000
=================================
=================================
======= ENV: production =======
🚀 App listening on the port 3000
=================================
realtime_public Exchange socket client connected
realtime_public Exchange socket client connected
realtime Exchange socket client connected
realtime_private Exchange socket client connected
realtime_private Exchange socket client connected
realtime Exchange socket client connected
